Microsoft (R) Macro Assembler Version 14.29.30040.0	    11/21/21 20:13:22
CS2810 Assembler Templat				     Page 1 - 1


				TITLE CS2810 Assembler Template

				; Hunter Burningham:
				; 11/21/2021:

				INCLUDE Irvine32.inc
			      C ; Include file for Irvine32.lib             (Irvine32.inc)
			      C 
			      C ;OPTION CASEMAP:NONE		; optional: make identifiers case-sensitive
			      C 
			      C INCLUDE SmallWin.inc		; MS-Windows prototypes, structures, and constants
			      C .NOLIST
			      C .LIST
			      C 
			      C INCLUDE VirtualKeys.inc
			      C ; VirtualKeys.inc
			      C .NOLIST
			      C .LIST
			      C 
			      C 
			      C .NOLIST
			      C .LIST
			      C 
 00000000			.data
					;--------- Enter Data Here

 00000000 48 75 6E 74 65		vName Byte "Hunter Burningham",0
	   72 20 42 75 72
	   6E 69 6E 67 68
	   61 6D 00
 00000012 43 53 32 38 31		vSemester byte "CS2810 Fall Semester 2021",0
	   30 20 46 61 6C
	   6C 20 53 65 6D
	   65 73 74 65 72
	   20 32 30 32 31
	   00
 0000002C 41 73 73 65 6D		vAssignment byte "Assembler Assignment #3",0
	   62 6C 65 72 20
	   41 73 73 69 67
	   6E 6D 65 6E 74
	   20 23 33 00
 00000044 50 6C 65 61 73		vPrompt byte "Please enter an MP3 frame header in Hex",0
	   65 20 65 6E 74
	   65 72 20 61 6E
	   20 4D 50 33 20
	   66 72 61 6D 65
	   20 68 65 61 64
	   65 72 20 69 6E
	   20 48 65 78 00

 0000006C 4D 50 45 47 20		vMpeg00 byte "MPEG Version 2.5",0
	   56 65 72 73 69
	   6F 6E 20 32 2E
	   35 00
 0000007D 53 61 6D 70 6C			V00rate00 byte "Sampling rate: 11025 Hz",0
	   69 6E 67 20 72
	   61 74 65 3A 20
	   31 31 30 32 35
	   20 48 7A 00
 00000095 53 61 6D 70 6C			V00rate01 byte "Sampling rate: 12000 Hz",0
	   69 6E 67 20 72
	   61 74 65 3A 20
	   31 32 30 30 30
	   20 48 7A 00
 000000AD 53 61 6D 70 6C			V00rate10 byte "Sampling rate: 8000 Hz",0
	   69 6E 67 20 72
	   61 74 65 3A 20
	   38 30 30 30 20
	   48 7A 00
						
 000000C4 4D 50 45 47 20		vMpeg01 byte "MPEG RESERVED",0
	   52 45 53 45 52
	   56 45 44 00
						
 000000D2 4D 50 45 47 20		vMpeg10 byte "MPEG Version 2",0
	   56 65 72 73 69
	   6F 6E 20 32 00
 000000E1 53 61 6D 70 6C			V10rate00 byte "Sampling rate: 22050 Hz",0
	   69 6E 67 20 72
	   61 74 65 3A 20
	   32 32 30 35 30
	   20 48 7A 00
 000000F9 53 61 6D 70 6C			V10rate01 byte "Sampling rate: 24000 Hz",0
	   69 6E 67 20 72
	   61 74 65 3A 20
	   32 34 30 30 30
	   20 48 7A 00
 00000111 53 61 6D 70 6C			V10rate10 byte "Sampling rate: 16000 Hz",0
	   69 6E 67 20 72
	   61 74 65 3A 20
	   31 36 30 30 30
	   20 48 7A 00
						
 00000129 4D 50 45 47 20		vMpeg11 byte "MPEG Version 1",0
	   56 65 72 73 69
	   6F 6E 20 31 00
 00000138 53 61 6D 70 6C			V11rate00 byte "Sampling rate: 44100 Hz",0
	   69 6E 67 20 72
	   61 74 65 3A 20
	   34 34 31 30 30
	   20 48 7A 00
 00000150 53 61 6D 70 6C			V11rate01 byte "Sampling rate: 48000 Hz",0
	   69 6E 67 20 72
	   61 74 65 3A 20
	   34 38 30 30 30
	   20 48 7A 00
 00000168 53 61 6D 70 6C			V11rate10 byte "Sampling rate: 32000 Hz",0
	   69 6E 67 20 72
	   61 74 65 3A 20
	   33 32 30 30 30
	   20 48 7A 00

 00000180 53 61 6D 70 6C			vrate11 byte "Sampling rate: Reserved",0
	   69 6E 67 20 72
	   61 74 65 3A 20
	   52 65 73 65 72
	   76 65 64 00

 00000198 4C 41 59 45 52		VLayer00 byte "LAYER RESERVED",0
	   20 52 45 53 45
	   52 56 45 44 00
 000001A7 4C 41 59 45 52		VLayer01 byte "LAYER III",0
	   20 49 49 49 00
 000001B1 4C 41 59 45 52		VLayer10 byte "LAYER II",0
	   20 49 49 00
 000001BA 4C 41 59 45 52		VLayer11 byte "LAYER I",0
	   20 49 00
						

 00000000			.code
 00000000			main PROC
					;--------- Enter Code Below Here
 00000000  E8 00000000 E		call clrscr
					
 00000005  B6 0C			mov dh, 12
 00000007  B2 0C			mov dl, 12
 00000009  E8 00000000 E		call Gotoxy
 0000000E  BA 00000012 R		mov edx, OFFSET vSemester
 00000013  E8 00000000 E		call writeString

 00000018  B6 0D			mov dh, 13
 0000001A  B2 0C			mov dl, 12
 0000001C  E8 00000000 E		call Gotoxy
 00000021  BA 0000002C R		mov edx, OFFSET vAssignment
 00000026  E8 00000000 E		call writeString

 0000002B  B6 0E			mov dh, 14
 0000002D  B2 0C			mov dl, 12
 0000002F  E8 00000000 E		call Gotoxy
 00000034  BA 00000000 R		mov edx, OFFSET vName
 00000039  E8 00000000 E		call writeString

 0000003E  B6 10			mov dh, 16
 00000040  B2 0C			mov dl, 12
 00000042  E8 00000000 E		call Gotoxy
 00000047  BA 00000044 R		mov edx, OFFSET vPrompt
 0000004C  E8 00000000 E		call writeString
 00000051  E8 00000000 E		call readhex 

 00000056  8B C8			mov ecx, eax ; backup

 00000058  8B C1			mov eax, ecx
 0000005A  B6 12			mov dh, 18
 0000005C  B2 0C			mov dl, 12
 0000005E  E8 00000000 E		call gotoxy
 00000063  E8 00000025			call displayVersion

 00000068  8B C1			mov eax, ecx
 0000006A  B6 13			mov dh, 19
 0000006C  B2 0C			mov dl, 12
 0000006E  E8 00000000 E		call Gotoxy
 00000073  E8 00000057			call displayLayer

 00000078  8B C1			mov eax, ecx
 0000007A  B6 14			mov dh, 20
 0000007C  B2 0C			mov dl, 12
 0000007E  E8 00000000 E		call Gotoxy
 00000083  E8 00000089			call displayRate

 00000088  E9 00000113			jmp OffACliff ;end

 0000008D				DisplayVersion:
							;AAAAAAAAAAABBCCDEEEEFFGHIIJJKLMM <------Template
 0000008D  25 00180000			and eax, 00000000000110000000000000000000b
 00000092  C1 E8 13			shr eax, 19 ; shift right bits to move BB to least significant

 00000095  83 F8 00			cmp eax, 00b ;if
 00000098  74 0C			jz DMPEG00
 0000009A  83 F8 01			cmp eax, 01b ;if
 0000009D  74 11			jz DMPEG01
 0000009F  83 F8 02			cmp eax, 10b ;if
 000000A2  74 16			jz DMPEG10	

 000000A4  EB 1E			jmp DMPEG11 ; else (unconditional jump)
					
 000000A6				DMpeg00:
 000000A6  BA 0000006C R		mov edx, offset VMpeg00
 000000AB  E9 000000EA			jmp DisplayString

 000000B0				DMpeg01:
 000000B0  BA 000000C4 R		mov edx, offset VMpeg01
 000000B5  E9 000000E0			jmp DisplayString

 000000BA				DMpeg10:
 000000BA  BA 000000D2 R		mov edx, offset VMpeg10
 000000BF  E9 000000D6			jmp DisplayString

 000000C4				DMpeg11:
 000000C4  BA 00000129 R		mov edx, offset VMPeg11
 000000C9  E9 000000CC			jmp DisplayString

 000000CE  C3				ret

 000000CF				DisplayLayer:
							;AAAAAAAAAAABBCCDEEEEFFGHIIJJKLMM <------Template
 000000CF  25 00060000			and eax, 00000000000001100000000000000000b
 000000D4  C1 E8 11			shr eax, 17 ; shift right bits to move CC to least significant

 000000D7  83 F8 00			cmp eax, 00b ;if
 000000DA  74 0C			jz Layer00
 000000DC  83 F8 01			cmp eax, 01b ;if
 000000DF  74 11			jz Layer01
 000000E1  83 F8 02			cmp eax, 10b ;if
 000000E4  74 16			jz Layer10

 000000E6  EB 1E			jmp Layer11 

 000000E8				Layer00:
 000000E8  BA 00000198 R		mov edx, offset VLayer00
 000000ED  E9 000000A8			jmp DisplayString
 000000F2				Layer01:
 000000F2  BA 000001A7 R		mov edx, offset VLayer01
 000000F7  E9 0000009E			jmp DisplayString
 000000FC				Layer10:
 000000FC  BA 000001B1 R		mov edx, offset VLayer10
 00000101  E9 00000094			jmp DisplayString
 00000106				Layer11:
 00000106  BA 000001BA R		mov edx, offset VLayer11
 0000010B  E9 0000008A			jmp DisplayString
 00000110  C3				ret

 00000111				DisplayRate:

							;AAAAAAAAAAABBCCDEEEEFFGHIIJJKLMM <------Template
 00000111  25 00180C00			and eax, 00000000000110000000110000000000b
 00000116  C1 E8 0A			shr eax, 10 ; shift right bits to move FF to least significant


 00000119  83 F8 00			cmp eax, 00000000000b
 0000011C  74 36			jz b0000
 0000011E  83 F8 01			cmp eax, 00000000001b
 00000121  74 38			jz b0001
 00000123  83 F8 02			cmp eax, 00000000010b
 00000126  74 3A			jz b0010

 00000128  3D 00000400			cmp eax, 10000000000b
 0000012D  74 3A			jz b1000
 0000012F  3D 00000401			cmp eax, 10000000001b
 00000134  74 3A			jz b1001
 00000136  3D 00000402			cmp eax, 10000000010b 
 0000013B  74 3A			jz b1010

 0000013D  3D 00000600			cmp eax, 11000000000b
 00000142  74 3A			jz b1100
 00000144  3D 00000601			cmp eax, 11000000001b
 00000149  74 3A			jz b1101
 0000014B  3D 00000602			cmp eax, 11000000010b
 00000150  74 3A			jz b1110

 00000152  EB 3F			jmp rsv

 00000154				b0000:
 00000154  BA 0000007D R		mov edx, offset V00rate00
 00000159  EB 3F			jmp DisplayString

 0000015B				b0001:
 0000015B  BA 00000095 R		mov edx, offset v00rate01
 00000160  EB 38			jmp DisplayString

 00000162				b0010:
 00000162  BA 000000AD R		mov edx, offset v00rate10
 00000167  EB 31			jmp DisplayString

 00000169				b1000:
 00000169  BA 000000E1 R		mov edx, offset v10rate00
 0000016E  EB 2A			jmp DisplayString

 00000170				b1001:
 00000170  BA 000000F9 R		mov edx, offset v10rate01
 00000175  EB 23			jmp DisplayString

 00000177				b1010:
 00000177  BA 00000111 R		mov edx, offset V10rate10
 0000017C  EB 1C			jmp DisplayString

 0000017E				b1100:
 0000017E  BA 00000138 R		mov edx, offset V11rate00
 00000183  EB 15			jmp DisplayString
					
 00000185				b1101:
 00000185  BA 00000150 R		mov edx, offset V11rate01
 0000018A  EB 0E			jmp DisplayString
					
 0000018C				b1110:
 0000018C  BA 00000168 R		mov edx, offset V11rate10
 00000191  EB 07			jmp DisplayString

 00000193				rsv:
 00000193  BA 00000180 R		mov edx, offset Vrate11
 00000198  EB 00			jmp DisplayString


 0000019A				DisplayString:
 0000019A  E8 00000000 E		call WriteString
 0000019F  C3				ret

 000001A0				offacliff:
 000001A0  33 C9			xor ecx, ecx
 000001A2  E8 00000000 E		call ReadChar

					exit
 000001A7  6A 00	   *	    push   +000000000h
 000001A9  E8 00000000 E   *	    call   ExitProcess

 000001AE			main ENDP
				END main
Microsoft (R) Macro Assembler Version 14.29.30040.0	    11/21/21 20:13:22
CS2810 Assembler Templat				     Symbols 2 - 1




Structures and Unions:

                N a m e                  Size
                                         Offset      Type

CONSOLE_CURSOR_INFO  . . . . . .	 00000008
  dwSize . . . . . . . . . . . .	 00000000	 DWord
  bVisible . . . . . . . . . . .	 00000004	 DWord
CONSOLE_SCREEN_BUFFER_INFO . . .	 00000016
  dwSize . . . . . . . . . . . .	 00000000	 DWord
  dwCursorPosition . . . . . . .	 00000004	 DWord
  wAttributes  . . . . . . . . .	 00000008	 Word
  srWindow . . . . . . . . . . .	 0000000A	 QWord
  dwMaximumWindowSize  . . . . .	 00000012	 DWord
COORD  . . . . . . . . . . . . .	 00000004
  X  . . . . . . . . . . . . . .	 00000000	 Word
  Y  . . . . . . . . . . . . . .	 00000002	 Word
FILETIME . . . . . . . . . . . .	 00000008
  loDateTime . . . . . . . . . .	 00000000	 DWord
  hiDateTime . . . . . . . . . .	 00000004	 DWord
FOCUS_EVENT_RECORD . . . . . . .	 00000004
  bSetFocus  . . . . . . . . . .	 00000000	 DWord
FPU_ENVIRON  . . . . . . . . . .	 0000001C
  controlWord  . . . . . . . . .	 00000000	 Word
  statusWord . . . . . . . . . .	 00000004	 Word
  tagWord  . . . . . . . . . . .	 00000008	 Word
  instrPointerOffset . . . . . .	 0000000C	 DWord
  instrPointerSelector . . . . .	 00000010	 DWord
  operandPointerOffset . . . . .	 00000014	 DWord
  operandPointerSelector . . . .	 00000018	 Word
INPUT_RECORD . . . . . . . . . .	 00000014
  EventType  . . . . . . . . . .	 00000000	 Word
  Event  . . . . . . . . . . . .	 00000004	 XmmWord
  bKeyDown . . . . . . . . . . .	 00000000	 DWord
  wRepeatCount . . . . . . . . .	 00000004	 Word
  wVirtualKeyCode  . . . . . . .	 00000006	 Word
  wVirtualScanCode . . . . . . .	 00000008	 Word
  uChar  . . . . . . . . . . . .	 0000000A	 Word
  UnicodeChar  . . . . . . . . .	 00000000	 Word
  AsciiChar  . . . . . . . . . .	 00000000	 Byte
  dwControlKeyState  . . . . . .	 0000000C	 DWord
  dwMousePosition  . . . . . . .	 00000000	 DWord
  dwButtonState  . . . . . . . .	 00000004	 DWord
  dwMouseControlKeyState . . . .	 00000008	 DWord
  dwEventFlags . . . . . . . . .	 0000000C	 DWord
  dwSize . . . . . . . . . . . .	 00000000	 DWord
  dwCommandId  . . . . . . . . .	 00000000	 DWord
  bSetFocus  . . . . . . . . . .	 00000000	 DWord
KEY_EVENT_RECORD . . . . . . . .	 00000010
  bKeyDown . . . . . . . . . . .	 00000000	 DWord
  wRepeatCount . . . . . . . . .	 00000004	 Word
  wVirtualKeyCode  . . . . . . .	 00000006	 Word
  wVirtualScanCode . . . . . . .	 00000008	 Word
  uChar  . . . . . . . . . . . .	 0000000A	 Word
  UnicodeChar  . . . . . . . . .	 00000000	 Word
  AsciiChar  . . . . . . . . . .	 00000000	 Byte
  dwControlKeyState  . . . . . .	 0000000C	 DWord
MENU_EVENT_RECORD  . . . . . . .	 00000004
  dwCommandId  . . . . . . . . .	 00000000	 DWord
MOUSE_EVENT_RECORD . . . . . . .	 00000010
  dwMousePosition  . . . . . . .	 00000000	 DWord
  dwButtonState  . . . . . . . .	 00000004	 DWord
  dwMouseControlKeyState . . . .	 00000008	 DWord
  dwEventFlags . . . . . . . . .	 0000000C	 DWord
SMALL_RECT . . . . . . . . . . .	 00000008
  Left . . . . . . . . . . . . .	 00000000	 Word
  Top  . . . . . . . . . . . . .	 00000002	 Word
  Right  . . . . . . . . . . . .	 00000004	 Word
  Bottom . . . . . . . . . . . .	 00000006	 Word
SYSTEMTIME . . . . . . . . . . .	 00000010
  wYear  . . . . . . . . . . . .	 00000000	 Word
  wMonth . . . . . . . . . . . .	 00000002	 Word
  wDayOfWeek . . . . . . . . . .	 00000004	 Word
  wDay . . . . . . . . . . . . .	 00000006	 Word
  wHour  . . . . . . . . . . . .	 00000008	 Word
  wMinute  . . . . . . . . . . .	 0000000A	 Word
  wSecond  . . . . . . . . . . .	 0000000C	 Word
  wMilliseconds  . . . . . . . .	 0000000E	 Word
WINDOW_BUFFER_SIZE_RECORD  . . .	 00000004
  dwSize . . . . . . . . . . . .	 00000000	 DWord


Segments and Groups:

                N a m e                 Size     Length   Align   Combine Class

FLAT . . . . . . . . . . . . . .	GROUP
STACK  . . . . . . . . . . . . .	32 Bit	 00001000 Para	  Stack	  'STACK'	 
_DATA  . . . . . . . . . . . . .	32 Bit	 000001C2 Para	  Public  'DATA'	
_TEXT  . . . . . . . . . . . . .	32 Bit	 000001AE Para	  Public  'CODE'	


Procedures, parameters, and locals:

                N a m e                 Type     Value    Attr

CloseFile  . . . . . . . . . . .	P Near	 00000000 FLAT	Length= 00000000 External STDCALL
CloseHandle  . . . . . . . . . .	P Near	 00000000 FLAT	Length= 00000000 External STDCALL
Clrscr . . . . . . . . . . . . .	P Near	 00000000 FLAT	Length= 00000000 External STDCALL
CreateFileA  . . . . . . . . . .	P Near	 00000000 FLAT	Length= 00000000 External STDCALL
CreateOutputFile . . . . . . . .	P Near	 00000000 FLAT	Length= 00000000 External STDCALL
Crlf . . . . . . . . . . . . . .	P Near	 00000000 FLAT	Length= 00000000 External STDCALL
Delay  . . . . . . . . . . . . .	P Near	 00000000 FLAT	Length= 00000000 External STDCALL
DumpMem  . . . . . . . . . . . .	P Near	 00000000 FLAT	Length= 00000000 External STDCALL
DumpRegs . . . . . . . . . . . .	P Near	 00000000 FLAT	Length= 00000000 External STDCALL
ExitProcess  . . . . . . . . . .	P Near	 00000000 FLAT	Length= 00000000 External STDCALL
FileTimeToDosDateTime  . . . . .	P Near	 00000000 FLAT	Length= 00000000 External STDCALL
FileTimeToSystemTime . . . . . .	P Near	 00000000 FLAT	Length= 00000000 External STDCALL
FlushConsoleInputBuffer  . . . .	P Near	 00000000 FLAT	Length= 00000000 External STDCALL
FormatMessageA . . . . . . . . .	P Near	 00000000 FLAT	Length= 00000000 External STDCALL
GetCommandLineA  . . . . . . . .	P Near	 00000000 FLAT	Length= 00000000 External STDCALL
GetCommandTail . . . . . . . . .	P Near	 00000000 FLAT	Length= 00000000 External STDCALL
GetConsoleCP . . . . . . . . . .	P Near	 00000000 FLAT	Length= 00000000 External STDCALL
GetConsoleCursorInfo . . . . . .	P Near	 00000000 FLAT	Length= 00000000 External STDCALL
GetConsoleMode . . . . . . . . .	P Near	 00000000 FLAT	Length= 00000000 External STDCALL
GetConsoleScreenBufferInfo . . .	P Near	 00000000 FLAT	Length= 00000000 External STDCALL
GetDateTime  . . . . . . . . . .	P Near	 00000000 FLAT	Length= 00000000 External STDCALL
GetFileTime  . . . . . . . . . .	P Near	 00000000 FLAT	Length= 00000000 External STDCALL
GetKeyState  . . . . . . . . . .	P Near	 00000000 FLAT	Length= 00000000 External STDCALL
GetLastError . . . . . . . . . .	P Near	 00000000 FLAT	Length= 00000000 External STDCALL
GetLocalTime . . . . . . . . . .	P Near	 00000000 FLAT	Length= 00000000 External STDCALL
GetMaxXY . . . . . . . . . . . .	P Near	 00000000 FLAT	Length= 00000000 External STDCALL
GetMseconds  . . . . . . . . . .	P Near	 00000000 FLAT	Length= 00000000 External STDCALL
GetNumberOfConsoleInputEvents  .	P Near	 00000000 FLAT	Length= 00000000 External STDCALL
GetProcessHeap . . . . . . . . .	P Near	 00000000 FLAT	Length= 00000000 External STDCALL
GetStdHandle . . . . . . . . . .	P Near	 00000000 FLAT	Length= 00000000 External STDCALL
GetSystemTime  . . . . . . . . .	P Near	 00000000 FLAT	Length= 00000000 External STDCALL
GetTextColor . . . . . . . . . .	P Near	 00000000 FLAT	Length= 00000000 External STDCALL
GetTickCount . . . . . . . . . .	P Near	 00000000 FLAT	Length= 00000000 External STDCALL
Gotoxy . . . . . . . . . . . . .	P Near	 00000000 FLAT	Length= 00000000 External STDCALL
HeapAlloc  . . . . . . . . . . .	P Near	 00000000 FLAT	Length= 00000000 External STDCALL
HeapCreate . . . . . . . . . . .	P Near	 00000000 FLAT	Length= 00000000 External STDCALL
HeapDestroy  . . . . . . . . . .	P Near	 00000000 FLAT	Length= 00000000 External STDCALL
HeapFree . . . . . . . . . . . .	P Near	 00000000 FLAT	Length= 00000000 External STDCALL
HeapSize . . . . . . . . . . . .	P Near	 00000000 FLAT	Length= 00000000 External STDCALL
IsDigit  . . . . . . . . . . . .	P Near	 00000000 FLAT	Length= 00000000 External STDCALL
LocalFree  . . . . . . . . . . .	P Near	 00000000 FLAT	Length= 00000000 External STDCALL
MessageBoxA  . . . . . . . . . .	P Near	 00000000 FLAT	Length= 00000000 External STDCALL
MsgBoxAsk  . . . . . . . . . . .	P Near	 00000000 FLAT	Length= 00000000 External STDCALL
MsgBox . . . . . . . . . . . . .	P Near	 00000000 FLAT	Length= 00000000 External STDCALL
OpenInputFile  . . . . . . . . .	P Near	 00000000 FLAT	Length= 00000000 External STDCALL
ParseDecimal32 . . . . . . . . .	P Near	 00000000 FLAT	Length= 00000000 External STDCALL
ParseInteger32 . . . . . . . . .	P Near	 00000000 FLAT	Length= 00000000 External STDCALL
PeekConsoleInputA  . . . . . . .	P Near	 00000000 FLAT	Length= 00000000 External STDCALL
Random32 . . . . . . . . . . . .	P Near	 00000000 FLAT	Length= 00000000 External STDCALL
RandomRange  . . . . . . . . . .	P Near	 00000000 FLAT	Length= 00000000 External STDCALL
Randomize  . . . . . . . . . . .	P Near	 00000000 FLAT	Length= 00000000 External STDCALL
ReadChar . . . . . . . . . . . .	P Near	 00000000 FLAT	Length= 00000000 External STDCALL
ReadConsoleA . . . . . . . . . .	P Near	 00000000 FLAT	Length= 00000000 External STDCALL
ReadConsoleInputA  . . . . . . .	P Near	 00000000 FLAT	Length= 00000000 External STDCALL
ReadDec  . . . . . . . . . . . .	P Near	 00000000 FLAT	Length= 00000000 External STDCALL
ReadFile . . . . . . . . . . . .	P Near	 00000000 FLAT	Length= 00000000 External STDCALL
ReadFloat  . . . . . . . . . . .	P Near	 00000000 FLAT	Length= 00000000 External STDCALL
ReadFromFile . . . . . . . . . .	P Near	 00000000 FLAT	Length= 00000000 External STDCALL
ReadHex  . . . . . . . . . . . .	P Near	 00000000 FLAT	Length= 00000000 External STDCALL
ReadInt  . . . . . . . . . . . .	P Near	 00000000 FLAT	Length= 00000000 External STDCALL
ReadKeyFlush . . . . . . . . . .	P Near	 00000000 FLAT	Length= 00000000 External STDCALL
ReadKey  . . . . . . . . . . . .	P Near	 00000000 FLAT	Length= 00000000 External STDCALL
ReadString . . . . . . . . . . .	P Near	 00000000 FLAT	Length= 00000000 External STDCALL
SetConsoleCursorInfo . . . . . .	P Near	 00000000 FLAT	Length= 00000000 External STDCALL
SetConsoleCursorPosition . . . .	P Near	 00000000 FLAT	Length= 00000000 External STDCALL
SetConsoleMode . . . . . . . . .	P Near	 00000000 FLAT	Length= 00000000 External STDCALL
SetConsoleScreenBufferSize . . .	P Near	 00000000 FLAT	Length= 00000000 External STDCALL
SetConsoleTextAttribute  . . . .	P Near	 00000000 FLAT	Length= 00000000 External STDCALL
SetConsoleTitleA . . . . . . . .	P Near	 00000000 FLAT	Length= 00000000 External STDCALL
SetConsoleWindowInfo . . . . . .	P Near	 00000000 FLAT	Length= 00000000 External STDCALL
SetFilePointer . . . . . . . . .	P Near	 00000000 FLAT	Length= 00000000 External STDCALL
SetLocalTime . . . . . . . . . .	P Near	 00000000 FLAT	Length= 00000000 External STDCALL
SetTextColor . . . . . . . . . .	P Near	 00000000 FLAT	Length= 00000000 External STDCALL
ShowFPUStack . . . . . . . . . .	P Near	 00000000 FLAT	Length= 00000000 External STDCALL
Sleep  . . . . . . . . . . . . .	P Near	 00000000 FLAT	Length= 00000000 External STDCALL
StrLength  . . . . . . . . . . .	P Near	 00000000 FLAT	Length= 00000000 External STDCALL
Str_compare  . . . . . . . . . .	P Near	 00000000 FLAT	Length= 00000000 External STDCALL
Str_copy . . . . . . . . . . . .	P Near	 00000000 FLAT	Length= 00000000 External STDCALL
Str_length . . . . . . . . . . .	P Near	 00000000 FLAT	Length= 00000000 External STDCALL
Str_trim . . . . . . . . . . . .	P Near	 00000000 FLAT	Length= 00000000 External STDCALL
Str_ucase  . . . . . . . . . . .	P Near	 00000000 FLAT	Length= 00000000 External STDCALL
SystemTimeToFileTime . . . . . .	P Near	 00000000 FLAT	Length= 00000000 External STDCALL
WaitMsg  . . . . . . . . . . . .	P Near	 00000000 FLAT	Length= 00000000 External STDCALL
WriteBinB  . . . . . . . . . . .	P Near	 00000000 FLAT	Length= 00000000 External STDCALL
WriteBin . . . . . . . . . . . .	P Near	 00000000 FLAT	Length= 00000000 External STDCALL
WriteChar  . . . . . . . . . . .	P Near	 00000000 FLAT	Length= 00000000 External STDCALL
WriteConsoleA  . . . . . . . . .	P Near	 00000000 FLAT	Length= 00000000 External STDCALL
WriteConsoleOutputAttribute  . .	P Near	 00000000 FLAT	Length= 00000000 External STDCALL
WriteConsoleOutputCharacterA . .	P Near	 00000000 FLAT	Length= 00000000 External STDCALL
WriteDec . . . . . . . . . . . .	P Near	 00000000 FLAT	Length= 00000000 External STDCALL
WriteFile  . . . . . . . . . . .	P Near	 00000000 FLAT	Length= 00000000 External STDCALL
WriteFloat . . . . . . . . . . .	P Near	 00000000 FLAT	Length= 00000000 External STDCALL
WriteHexB  . . . . . . . . . . .	P Near	 00000000 FLAT	Length= 00000000 External STDCALL
WriteHex . . . . . . . . . . . .	P Near	 00000000 FLAT	Length= 00000000 External STDCALL
WriteInt . . . . . . . . . . . .	P Near	 00000000 FLAT	Length= 00000000 External STDCALL
WriteStackFrameName  . . . . . .	P Near	 00000000 FLAT	Length= 00000000 External STDCALL
WriteStackFrame  . . . . . . . .	P Near	 00000000 FLAT	Length= 00000000 External STDCALL
WriteString  . . . . . . . . . .	P Near	 00000000 FLAT	Length= 00000000 External STDCALL
WriteToFile  . . . . . . . . . .	P Near	 00000000 FLAT	Length= 00000000 External STDCALL
WriteWindowsMsg  . . . . . . . .	P Near	 00000000 FLAT	Length= 00000000 External STDCALL
main . . . . . . . . . . . . . .	P Near	 00000000 _TEXT	Length= 000001AE Public STDCALL
  DisplayVersion . . . . . . . .	L Near	 0000008D _TEXT	
  DMpeg00  . . . . . . . . . . .	L Near	 000000A6 _TEXT	
  DMpeg01  . . . . . . . . . . .	L Near	 000000B0 _TEXT	
  DMpeg10  . . . . . . . . . . .	L Near	 000000BA _TEXT	
  DMpeg11  . . . . . . . . . . .	L Near	 000000C4 _TEXT	
  DisplayLayer . . . . . . . . .	L Near	 000000CF _TEXT	
  Layer00  . . . . . . . . . . .	L Near	 000000E8 _TEXT	
  Layer01  . . . . . . . . . . .	L Near	 000000F2 _TEXT	
  Layer10  . . . . . . . . . . .	L Near	 000000FC _TEXT	
  Layer11  . . . . . . . . . . .	L Near	 00000106 _TEXT	
  DisplayRate  . . . . . . . . .	L Near	 00000111 _TEXT	
  b0000  . . . . . . . . . . . .	L Near	 00000154 _TEXT	
  b0001  . . . . . . . . . . . .	L Near	 0000015B _TEXT	
  b0010  . . . . . . . . . . . .	L Near	 00000162 _TEXT	
  b1000  . . . . . . . . . . . .	L Near	 00000169 _TEXT	
  b1001  . . . . . . . . . . . .	L Near	 00000170 _TEXT	
  b1010  . . . . . . . . . . . .	L Near	 00000177 _TEXT	
  b1100  . . . . . . . . . . . .	L Near	 0000017E _TEXT	
  b1101  . . . . . . . . . . . .	L Near	 00000185 _TEXT	
  b1110  . . . . . . . . . . . .	L Near	 0000018C _TEXT	
  rsv  . . . . . . . . . . . . .	L Near	 00000193 _TEXT	
  DisplayString  . . . . . . . .	L Near	 0000019A _TEXT	
  offacliff  . . . . . . . . . .	L Near	 000001A0 _TEXT	
printf . . . . . . . . . . . . .	P Near	 00000000 FLAT	Length= 00000000 External C
scanf  . . . . . . . . . . . . .	P Near	 00000000 FLAT	Length= 00000000 External C
wsprintfA  . . . . . . . . . . .	P Near	 00000000 FLAT	Length= 00000000 External C


Symbols:

                N a m e                 Type     Value    Attr

@CodeSize  . . . . . . . . . . .	Number	 00000000h   
@DataSize  . . . . . . . . . . .	Number	 00000000h   
@Interface . . . . . . . . . . .	Number	 00000003h   
@Model . . . . . . . . . . . . .	Number	 00000007h   
@code  . . . . . . . . . . . . .	Text   	 _TEXT
@data  . . . . . . . . . . . . .	Text   	 FLAT
@fardata?  . . . . . . . . . . .	Text   	 FLAT
@fardata . . . . . . . . . . . .	Text   	 FLAT
@stack . . . . . . . . . . . . .	Text   	 FLAT
ALT_MASK . . . . . . . . . . . .	Number	 00000003h   
CAPSLOCK_ON  . . . . . . . . . .	Number	 00000080h   
CREATE_ALWAYS  . . . . . . . . .	Number	 00000002h   
CREATE_NEW . . . . . . . . . . .	Number	 00000001h   
CTRL_MASK  . . . . . . . . . . .	Number	 0000000Ch   
CreateFile . . . . . . . . . . .	Text   	 CreateFileA
DO_NOT_SHARE . . . . . . . . . .	Number	 00000000h   
ENABLE_ECHO_INPUT  . . . . . . .	Number	 00000004h   
ENABLE_LINE_INPUT  . . . . . . .	Number	 00000002h   
ENABLE_MOUSE_INPUT . . . . . . .	Number	 00000010h   
ENABLE_PROCESSED_INPUT . . . . .	Number	 00000001h   
ENABLE_PROCESSED_OUTPUT  . . . .	Number	 00000001h   
ENABLE_WINDOW_INPUT  . . . . . .	Number	 00000008h   
ENABLE_WRAP_AT_EOL_OUTPUT  . . .	Number	 00000002h   
ENHANCED_KEY . . . . . . . . . .	Number	 00000100h   
FALSE  . . . . . . . . . . . . .	Number	 00000000h   
FILE_APPEND_DATA . . . . . . . .	Number	 00000004h   
FILE_ATTRIBUTE_ARCHIVE . . . . .	Number	 00000020h   
FILE_ATTRIBUTE_COMPRESSED  . . .	Number	 00000800h   
FILE_ATTRIBUTE_DEVICE  . . . . .	Number	 00000040h   
FILE_ATTRIBUTE_DIRECTORY . . . .	Number	 00000010h   
FILE_ATTRIBUTE_ENCRYPTED . . . .	Number	 00004000h   
FILE_ATTRIBUTE_HIDDEN  . . . . .	Number	 00000002h   
FILE_ATTRIBUTE_NORMAL  . . . . .	Number	 00000080h   
FILE_ATTRIBUTE_NOT_CONTENT_INDEXED .	Number	 00002000h   
FILE_ATTRIBUTE_OFFLINE . . . . .	Number	 00001000h   
FILE_ATTRIBUTE_READONLY  . . . .	Number	 00000001h   
FILE_ATTRIBUTE_REPARSE_POINT . .	Number	 00000400h   
FILE_ATTRIBUTE_SPARSE_FILE . . .	Number	 00000200h   
FILE_ATTRIBUTE_SYSTEM  . . . . .	Number	 00000004h   
FILE_ATTRIBUTE_TEMPORARY . . . .	Number	 00000100h   
FILE_BEGIN . . . . . . . . . . .	Number	 00000000h   
FILE_CURRENT . . . . . . . . . .	Number	 00000001h   
FILE_DELETE_CHILD  . . . . . . .	Number	 00000040h   
FILE_END . . . . . . . . . . . .	Number	 00000002h   
FILE_READ_DATA . . . . . . . . .	Number	 00000001h   
FILE_SHARE_DELETE  . . . . . . .	Number	 00000004h   
FILE_SHARE_READ  . . . . . . . .	Number	 00000001h   
FILE_SHARE_WRITE . . . . . . . .	Number	 00000002h   
FILE_WRITE_DATA  . . . . . . . .	Number	 00000002h   
FOCUS_EVENT  . . . . . . . . . .	Number	 00000010h   
FORMAT_MESSAGE_ALLOCATE_BUFFER .	Number	 00000100h   
FORMAT_MESSAGE_FROM_SYSTEM . . .	Number	 00001000h   
FormatMessage  . . . . . . . . .	Text   	 FormatMessageA
GENERIC_ALL  . . . . . . . . . .	Number	 10000000h   
GENERIC_EXECUTE  . . . . . . . .	Number	 20000000h   
GENERIC_READ . . . . . . . . . .	Number	 -80000000h   
GENERIC_WRITE  . . . . . . . . .	Number	 40000000h   
GetCommandLine . . . . . . . . .	Text   	 GetCommandLineA
HANDLE . . . . . . . . . . . . .	Text   	 DWORD
HEAP_GENERATE_EXCEPTIONS . . . .	Number	 00000004h   
HEAP_GROWABLE  . . . . . . . . .	Number	 00000002h   
HEAP_NO_SERIALIZE  . . . . . . .	Number	 00000001h   
HEAP_REALLOC_IN_PLACE_ONLY . . .	Number	 00000010h   
HEAP_ZERO_MEMORY . . . . . . . .	Number	 00000008h   
IDABORT  . . . . . . . . . . . .	Number	 00000003h   
IDCANCEL . . . . . . . . . . . .	Number	 00000002h   
IDCLOSE  . . . . . . . . . . . .	Number	 00000008h   
IDCONTINUE . . . . . . . . . . .	Number	 0000000Bh   
IDHELP . . . . . . . . . . . . .	Number	 00000009h   
IDIGNORE . . . . . . . . . . . .	Number	 00000005h   
IDNO . . . . . . . . . . . . . .	Number	 00000007h   
IDOK . . . . . . . . . . . . . .	Number	 00000001h   
IDRETRY  . . . . . . . . . . . .	Number	 00000004h   
IDTIMEOUT  . . . . . . . . . . .	Number	 00007D00h   
IDTRYAGAIN . . . . . . . . . . .	Number	 0000000Ah   
IDYES  . . . . . . . . . . . . .	Number	 00000006h   
INVALID_HANDLE_VALUE . . . . . .	Number	 -00000001h   
KBDOWN_FLAG  . . . . . . . . . .	Number	 00000001h   
KEY_EVENT  . . . . . . . . . . .	Number	 00000001h   
KEY_MASKS  . . . . . . . . . . .	Number	 0000001Fh   
LEFT_ALT_PRESSED . . . . . . . .	Number	 00000002h   
LEFT_CTRL_PRESSED  . . . . . . .	Number	 00000008h   
MB_ABORTRETRYIGNORE  . . . . . .	Number	 00000002h   
MB_APPLMODAL . . . . . . . . . .	Number	 00000000h   
MB_CANCELTRYCONTINUE . . . . . .	Number	 00000006h   
MB_DEFBUTTON1  . . . . . . . . .	Number	 00000000h   
MB_DEFBUTTON2  . . . . . . . . .	Number	 00000100h   
MB_DEFBUTTON3  . . . . . . . . .	Number	 00000200h   
MB_DEFBUTTON4  . . . . . . . . .	Number	 00000300h   
MB_HELP  . . . . . . . . . . . .	Number	 00004000h   
MB_ICONASTERISK  . . . . . . . .	Number	 00000040h   
MB_ICONERROR . . . . . . . . . .	Number	 00000010h   
MB_ICONEXCLAMATION . . . . . . .	Number	 00000030h   
MB_ICONHAND  . . . . . . . . . .	Number	 00000010h   
MB_ICONINFORMATION . . . . . . .	Number	 00000040h   
MB_ICONQUESTION  . . . . . . . .	Number	 00000020h   
MB_ICONSTOP  . . . . . . . . . .	Number	 00000010h   
MB_ICONWARNING . . . . . . . . .	Number	 00000030h   
MB_OKCANCEL  . . . . . . . . . .	Number	 00000001h   
MB_OK  . . . . . . . . . . . . .	Number	 00000000h   
MB_RETRYCANCEL . . . . . . . . .	Number	 00000005h   
MB_SYSTEMMODAL . . . . . . . . .	Number	 00001000h   
MB_TASKMODAL . . . . . . . . . .	Number	 00002000h   
MB_USERICON  . . . . . . . . . .	Number	 00000080h   
MB_YESNOCANCEL . . . . . . . . .	Number	 00000003h   
MB_YESNO . . . . . . . . . . . .	Number	 00000004h   
MENU_EVENT . . . . . . . . . . .	Number	 00000008h   
MOUSE_EVENT  . . . . . . . . . .	Number	 00000002h   
MessageBox . . . . . . . . . . .	Text   	 MessageBoxA
NULL . . . . . . . . . . . . . .	Number	 00000000h   
NUMLOCK_ON . . . . . . . . . . .	Number	 00000020h   
OPEN_ALWAYS  . . . . . . . . . .	Number	 00000004h   
OPEN_EXISTING  . . . . . . . . .	Number	 00000003h   
PeekConsoleInput . . . . . . . .	Text   	 PeekConsoleInputA
RIGHT_ALT_PRESSED  . . . . . . .	Number	 00000001h   
RIGHT_CTRL_PRESSED . . . . . . .	Number	 00000004h   
ReadConsoleInput . . . . . . . .	Text   	 ReadConsoleInputA
ReadConsole  . . . . . . . . . .	Text   	 ReadConsoleA
SCROLLLOCK_ON  . . . . . . . . .	Number	 00000040h   
SHIFT_MASK . . . . . . . . . . .	Number	 00000010h   
SHIFT_PRESSED  . . . . . . . . .	Number	 00000010h   
STD_ERROR_HANDLE . . . . . . . .	Number	 -0000000Ch   
STD_INPUT_HANDLE . . . . . . . .	Number	 -0000000Ah   
STD_OUTPUT_HANDLE  . . . . . . .	Number	 -0000000Bh   
SetConsoleTitle  . . . . . . . .	Text   	 SetConsoleTitleA
TAB  . . . . . . . . . . . . . .	Number	 00000009h   
TRUE . . . . . . . . . . . . . .	Number	 00000001h   
TRUNCATE_EXISTING  . . . . . . .	Number	 00000005h   
V00rate00  . . . . . . . . . . .	Byte	 0000007D _DATA	
V00rate01  . . . . . . . . . . .	Byte	 00000095 _DATA	
V00rate10  . . . . . . . . . . .	Byte	 000000AD _DATA	
V10rate00  . . . . . . . . . . .	Byte	 000000E1 _DATA	
V10rate01  . . . . . . . . . . .	Byte	 000000F9 _DATA	
V10rate10  . . . . . . . . . . .	Byte	 00000111 _DATA	
V11rate00  . . . . . . . . . . .	Byte	 00000138 _DATA	
V11rate01  . . . . . . . . . . .	Byte	 00000150 _DATA	
V11rate10  . . . . . . . . . . .	Byte	 00000168 _DATA	
VK_11  . . . . . . . . . . . . .	Number	 000000BDh   
VK_12  . . . . . . . . . . . . .	Number	 000000BBh   
VK_ADD . . . . . . . . . . . . .	Number	 0000006Bh   
VK_BACK  . . . . . . . . . . . .	Number	 00000008h   
VK_CANCEL  . . . . . . . . . . .	Number	 00000003h   
VK_CAPITAL . . . . . . . . . . .	Number	 00000014h   
VK_CLEAR . . . . . . . . . . . .	Number	 0000000Ch   
VK_CONTROL . . . . . . . . . . .	Number	 00000011h   
VK_DECIMAL . . . . . . . . . . .	Number	 0000006Eh   
VK_DELETE  . . . . . . . . . . .	Number	 0000002Eh   
VK_DIVIDE  . . . . . . . . . . .	Number	 0000006Fh   
VK_DOWN  . . . . . . . . . . . .	Number	 00000028h   
VK_END . . . . . . . . . . . . .	Number	 00000023h   
VK_ESCAPE  . . . . . . . . . . .	Number	 0000001Bh   
VK_EXECUTE . . . . . . . . . . .	Number	 0000002Bh   
VK_F10 . . . . . . . . . . . . .	Number	 00000079h   
VK_F11 . . . . . . . . . . . . .	Number	 0000007Ah   
VK_F12 . . . . . . . . . . . . .	Number	 0000007Bh   
VK_F13 . . . . . . . . . . . . .	Number	 0000007Ch   
VK_F14 . . . . . . . . . . . . .	Number	 0000007Dh   
VK_F15 . . . . . . . . . . . . .	Number	 0000007Eh   
VK_F16 . . . . . . . . . . . . .	Number	 0000007Fh   
VK_F17 . . . . . . . . . . . . .	Number	 00000080h   
VK_F18 . . . . . . . . . . . . .	Number	 00000081h   
VK_F19 . . . . . . . . . . . . .	Number	 00000082h   
VK_F1  . . . . . . . . . . . . .	Number	 00000070h   
VK_F20 . . . . . . . . . . . . .	Number	 00000083h   
VK_F21 . . . . . . . . . . . . .	Number	 00000084h   
VK_F22 . . . . . . . . . . . . .	Number	 00000085h   
VK_F23 . . . . . . . . . . . . .	Number	 00000086h   
VK_F24 . . . . . . . . . . . . .	Number	 00000087h   
VK_F2  . . . . . . . . . . . . .	Number	 00000071h   
VK_F3  . . . . . . . . . . . . .	Number	 00000072h   
VK_F4  . . . . . . . . . . . . .	Number	 00000073h   
VK_F5  . . . . . . . . . . . . .	Number	 00000074h   
VK_F6  . . . . . . . . . . . . .	Number	 00000075h   
VK_F7  . . . . . . . . . . . . .	Number	 00000076h   
VK_F8  . . . . . . . . . . . . .	Number	 00000077h   
VK_F9  . . . . . . . . . . . . .	Number	 00000078h   
VK_HELP  . . . . . . . . . . . .	Number	 0000002Fh   
VK_HOME  . . . . . . . . . . . .	Number	 00000024h   
VK_INSERT  . . . . . . . . . . .	Number	 0000002Dh   
VK_LBUTTON . . . . . . . . . . .	Number	 00000001h   
VK_LCONTROL  . . . . . . . . . .	Number	 000000A2h   
VK_LEFT  . . . . . . . . . . . .	Number	 00000025h   
VK_LMENU . . . . . . . . . . . .	Number	 000000A4h   
VK_LSHIFT  . . . . . . . . . . .	Number	 000000A0h   
VK_MENU  . . . . . . . . . . . .	Number	 00000012h   
VK_MULTIPLY  . . . . . . . . . .	Number	 0000006Ah   
VK_NEXT  . . . . . . . . . . . .	Number	 00000022h   
VK_NUMLOCK . . . . . . . . . . .	Number	 00000090h   
VK_NUMPAD0 . . . . . . . . . . .	Number	 00000060h   
VK_NUMPAD1 . . . . . . . . . . .	Number	 00000061h   
VK_NUMPAD2 . . . . . . . . . . .	Number	 00000062h   
VK_NUMPAD3 . . . . . . . . . . .	Number	 00000063h   
VK_NUMPAD4 . . . . . . . . . . .	Number	 00000064h   
VK_NUMPAD5 . . . . . . . . . . .	Number	 00000065h   
VK_NUMPAD6 . . . . . . . . . . .	Number	 00000066h   
VK_NUMPAD7 . . . . . . . . . . .	Number	 00000067h   
VK_NUMPAD8 . . . . . . . . . . .	Number	 00000068h   
VK_NUMPAD9 . . . . . . . . . . .	Number	 00000069h   
VK_PAUSE . . . . . . . . . . . .	Number	 00000013h   
VK_PRINT . . . . . . . . . . . .	Number	 0000002Ah   
VK_PRIOR . . . . . . . . . . . .	Number	 00000021h   
VK_RBUTTON . . . . . . . . . . .	Number	 00000002h   
VK_RCONTROL  . . . . . . . . . .	Number	 000000A3h   
VK_RETURN  . . . . . . . . . . .	Number	 0000000Dh   
VK_RIGHT . . . . . . . . . . . .	Number	 00000027h   
VK_RMENU . . . . . . . . . . . .	Number	 000000A5h   
VK_RSHIFT  . . . . . . . . . . .	Number	 000000A1h   
VK_SCROLL  . . . . . . . . . . .	Number	 00000091h   
VK_SEPARATER . . . . . . . . . .	Number	 0000006Ch   
VK_SHIFT . . . . . . . . . . . .	Number	 00000010h   
VK_SNAPSHOT  . . . . . . . . . .	Number	 0000002Ch   
VK_SPACE . . . . . . . . . . . .	Number	 00000020h   
VK_SUBTRACT  . . . . . . . . . .	Number	 0000006Dh   
VK_TAB . . . . . . . . . . . . .	Number	 00000009h   
VK_UP  . . . . . . . . . . . . .	Number	 00000026h   
VLayer00 . . . . . . . . . . . .	Byte	 00000198 _DATA	
VLayer01 . . . . . . . . . . . .	Byte	 000001A7 _DATA	
VLayer10 . . . . . . . . . . . .	Byte	 000001B1 _DATA	
VLayer11 . . . . . . . . . . . .	Byte	 000001BA _DATA	
WINDOW_BUFFER_SIZE_EVENT . . . .	Number	 00000004h   
WriteConsoleOutputCharacter  . .	Text   	 WriteConsoleOutputCharacterA
WriteConsole . . . . . . . . . .	Text   	 WriteConsoleA
black  . . . . . . . . . . . . .	Number	 00000000h   
blue . . . . . . . . . . . . . .	Number	 00000001h   
brown  . . . . . . . . . . . . .	Number	 00000006h   
cyan . . . . . . . . . . . . . .	Number	 00000003h   
exit . . . . . . . . . . . . . .	Text   	 INVOKE ExitProcess,0
gray . . . . . . . . . . . . . .	Number	 00000008h   
green  . . . . . . . . . . . . .	Number	 00000002h   
lightBlue  . . . . . . . . . . .	Number	 00000009h   
lightCyan  . . . . . . . . . . .	Number	 0000000Bh   
lightGray  . . . . . . . . . . .	Number	 00000007h   
lightGreen . . . . . . . . . . .	Number	 0000000Ah   
lightMagenta . . . . . . . . . .	Number	 0000000Dh   
lightRed . . . . . . . . . . . .	Number	 0000000Ch   
magenta  . . . . . . . . . . . .	Number	 00000005h   
red  . . . . . . . . . . . . . .	Number	 00000004h   
vAssignment  . . . . . . . . . .	Byte	 0000002C _DATA	
vMpeg00  . . . . . . . . . . . .	Byte	 0000006C _DATA	
vMpeg01  . . . . . . . . . . . .	Byte	 000000C4 _DATA	
vMpeg10  . . . . . . . . . . . .	Byte	 000000D2 _DATA	
vMpeg11  . . . . . . . . . . . .	Byte	 00000129 _DATA	
vName  . . . . . . . . . . . . .	Byte	 00000000 _DATA	
vPrompt  . . . . . . . . . . . .	Byte	 00000044 _DATA	
vSemester  . . . . . . . . . . .	Byte	 00000012 _DATA	
vrate11  . . . . . . . . . . . .	Byte	 00000180 _DATA	
white  . . . . . . . . . . . . .	Number	 0000000Fh   
wsprintf . . . . . . . . . . . .	Text   	 wsprintfA
yellow . . . . . . . . . . . . .	Number	 0000000Eh   

	   0 Warnings
	   0 Errors
